Connected to server plugins.nanome.ai 9999
Registered with plugin ID 27 
=======================================

Start UI Plugin
Run UI Plugin
Added Label
Added button
Added slider
Added text input
Added list
Added Label
Added button
Added dropdown
Added text input
button hover: Spawn menu True
button hover: Spawn menu False
button hover: Spawn menu True
button hover: Spawn menu False
button hover: Spawn menu True
button hover: Spawn menu False
Connected to server plugins.nanome.ai 9999
Registered with plugin ID 30 
=======================================

Connected to server plugins.nanome.ai 9999
Registered with plugin ID 31 
=======================================

Start UI Plugin
Run UI Plugin
Added Label
Added button
Added slider
Added text input
Added list
Added Label
Added button
Added dropdown
Added text input
button hover: Spawn menu True
button hover: Spawn menu False
Prefab button pressed: Molecule Button 9
Prefab button pressed: Molecule Button 7
button hover: Spawn menu True
button hover: Spawn menu False
button hover: Spawn menu True
button hover: Spawn menu False
Connected to server plugins.nanome.ai 9999
Registered with plugin ID 32 
=======================================

Start UI Plugin
Run UI Plugin
Added Label
Added button
Added slider
Added text input
Added list
Added Label
Added button
Added dropdown
Added text input
Prefab button pressed: Molecule Button 9
button hover: Spawn menu True
button hover: Spawn menu False
button hover: Spawn menu True
button hover: Spawn menu False
button hover: text True
button hover: text False
button hover: text True
button pressed: text
button hover: text False
button hover: text True
button hover: text False
Prefab button pressed: Molecule Button 9
Prefab button pressed: Molecule Button 9
button hover: Spawn menu True
button hover: Spawn menu False
button hover: Spawn menu True
button hover: Spawn menu False
button hover: Spawn menu True
button hover: Spawn menu False
button hover: Spawn menu True
button hover: Spawn menu False
button hover: Spawn menu True
button hover: Spawn menu False
button hover: Spawn menu True
button hover: Spawn menu False
button hover: Spawn menu True
button hover: Spawn menu False
button hover: Spawn menu True
button hover: Spawn menu False
button hover: Spawn menu True
button hover: Spawn menu False
button hover: Spawn menu True
button hover: Spawn menu False
button hover: Spawn menu True
button hover: Spawn menu False
button hover: Spawn menu True
button hover: Spawn menu False
